<?xml version="1.0" encoding="UTF-8"?>
<testsuite xmlns:xsi="http://www.w3.org/2001/XMLSchema-instance" xsi:noNamespaceSchemaLocation="https://maven.apache.org/surefire/maven-surefire-plugin/xsd/surefire-test-report-3.0.xsd" version="3.0" name="ecommerce.model.OrderTest" time="0.015" tests="4" errors="0" skipped="0" failures="0">
  <properties>
[...]
</properties>
  <testcase name="testCalculateTotal_withFixedDiscount" classname="ecommerce.model.OrderTest" time="0.012"/>
  <testcase name="testCalculateTotal_withPercentageDiscount" classname="ecommerce.model.OrderTest" time="0.001"/>
  <testcase name="testUpdateStatus" classname="ecommerce.model.OrderTest" time="0.0"/>
  <testcase name="testCalculateTotal_withoutDiscount" classname="ecommerce.model.OrderTest" time="0.0"/>
</testsuite>